<?xml version="1.0" encoding="UTF-8"?>
<testng-results ignored="0" total="1" passed="1" failed="0" skipped="0">
  <reporter-output>
  </reporter-output>
  <suite started-at="2022-08-26T04:18:09 EET" name="Default suite" finished-at="2022-08-26T04:18:32 EET" duration-ms="22436">
    <groups>
    </groups>
    <test started-at="2022-08-26T04:18:09 EET" name="Default test" finished-at="2022-08-26T04:18:32 EET" duration-ms="22436">
      <class name="Tests.Signintest">
        <test-method is-config="true" signature="Startdriver()[pri:0, instance:Tests.Signintest@16eccb2e]" started-at="2022-08-26T04:18:09 EET" name="Startdriver" finished-at="2022-08-26T04:18:23 EET" duration-ms="13239" status="PASS">
          <reporter-output>
          </reporter-output>
        </test-method> <!-- Startdriver -->
        <test-method signature="ClickonSignin()[pri:0, instance:Tests.Signintest@16eccb2e]" started-at="2022-08-26T04:18:23 EET" name="ClickonSignin" finished-at="2022-08-26T04:18:31 EET" duration-ms="8714" status="PASS">
          <reporter-output>
          </reporter-output>
        </test-method> <!-- ClickonSignin -->
        <test-method is-config="true" signature="Stopdriver()[pri:0, instance:Tests.Signintest@16eccb2e]" started-at="2022-08-26T04:18:32 EET" name="Stopdriver" finished-at="2022-08-26T04:18:32 EET" duration-ms="257" status="PASS">
          <reporter-output>
          </reporter-output>
        </test-method> <!-- Stopdriver -->
      </class> <!-- Tests.Signintest -->
    </test> <!-- Default test -->
  </suite> <!-- Default suite -->
</testng-results>
